[2026-06-04 20:33 UTC] === Optimizer-Zyklus (9 Änderungen) ===
[2026-06-04 20:33 UTC] BOS MIN_CONFIDENCE: medium → low (Win-Rate 72.2% > 65.0%)
[2026-06-04 20:33 UTC] BOS WEIGHT: 1.000 → 1.190 (Performance sehr gut)
[2026-06-04 20:33 UTC] EQH WEIGHT: 0.800 → 0.990 (Performance sehr gut)
[2026-06-04 20:33 UTC] CHoCH MIN_CONFIDENCE: medium → low (Win-Rate 66.7% > 65.0%)
[2026-06-04 20:33 UTC] CHoCH WEIGHT: 1.000 → 1.190 (Performance sehr gut)
[2026-06-04 20:33 UTC] Zone MIN_CONFIDENCE: low → medium (Win-Rate 25.0% < 45.0%)
[2026-06-04 20:33 UTC] Zone WEIGHT: 0.900 → 0.520 (Performance schwach)
[2026-06-04 20:33 UTC] EQL WEIGHT: 0.800 → 0.990 (Performance sehr gut)
[2026-06-04 20:33 UTC] HAIKU_STRICTNESS: 1.000 → 0.850 (API-Effizienz 65.6% sehr gut)
[2026-06-04 20:33 UTC] Geschätzte monatliche Ersparnis: $0.0193
[2026-06-04 21:19 UTC] === Optimizer-Zyklus (7 Änderungen) ===
[2026-06-04 21:19 UTC] BOS WEIGHT: 1.190 → 1.380 (Performance sehr gut)
[2026-06-04 21:19 UTC] EQH WEIGHT: 0.990 → 1.180 (Performance sehr gut)
[2026-06-04 21:19 UTC] CHoCH WEIGHT: 1.190 → 1.380 (Performance sehr gut)
[2026-06-04 21:19 UTC] Zone MIN_CONFIDENCE: medium → high (Win-Rate 25.0% < 45.0%)
[2026-06-04 21:19 UTC] Zone WEIGHT: 0.520 → 0.140 (Performance schwach)
[2026-06-04 21:19 UTC] EQL WEIGHT: 0.990 → 1.180 (Performance sehr gut)
[2026-06-04 21:19 UTC] HAIKU_STRICTNESS: 0.850 → 0.700 (API-Effizienz 65.9% sehr gut)
[2026-06-04 21:19 UTC] Geschätzte monatliche Ersparnis: $0.0150
[2026-06-05 14:21 UTC] === Optimizer-Zyklus (6 Änderungen) ===
[2026-06-05 14:21 UTC] BOS WEIGHT: 1.380 → 1.570 (Performance sehr gut)
[2026-06-05 14:21 UTC] EQH WEIGHT: 1.180 → 1.370 (Performance sehr gut)
[2026-06-05 14:21 UTC] CHoCH WEIGHT: 1.380 → 1.570 (Performance sehr gut)
[2026-06-05 14:21 UTC] Zone WEIGHT: 0.140 → 0.100 (Performance schwach)
[2026-06-05 14:21 UTC] EQL WEIGHT: 1.180 → 1.370 (Performance sehr gut)
[2026-06-05 14:21 UTC] HAIKU_STRICTNESS: 0.700 → 0.550 (API-Effizienz 64.5% sehr gut)
[2026-06-05 14:21 UTC] Geschätzte monatliche Ersparnis: $0.0132
[2026-06-08 07:18 UTC] === Optimizer-Zyklus (4 Änderungen) ===
[2026-06-08 07:18 UTC] EQH WEIGHT: 1.370 → 1.560 (Performance sehr gut)
[2026-06-08 07:18 UTC] CHoCH WEIGHT: 1.570 → 1.760 (Performance sehr gut)
[2026-06-08 07:18 UTC] EQL WEIGHT: 1.370 → 1.560 (Performance sehr gut)
[2026-06-08 07:18 UTC] HAIKU_STRICTNESS: 0.550 → 0.500 (API-Effizienz 64.8% sehr gut)
[2026-06-08 07:18 UTC] Geschätzte monatliche Ersparnis: $0.0088
[2026-06-08 08:02 UTC] === Optimizer-Zyklus (5 Änderungen) ===
[2026-06-08 08:02 UTC] EQH WEIGHT: 1.560 → 1.750 (Performance sehr gut)
[2026-06-08 08:02 UTC] CHoCH WEIGHT: 1.760 → 1.950 (Performance sehr gut)
[2026-06-08 08:02 UTC] EQL WEIGHT: 1.560 → 1.750 (Performance sehr gut)
[2026-06-08 08:02 UTC] EQH_TOLERANCE: 0.0015 → 0.0018 (EQ Win-Rate 85.0% sehr gut → lockerer, mehr Signale)
[2026-06-08 08:02 UTC] CHOCH_WINDOW: 10 → 8 (CHoCH Win-Rate 66.7% sehr gut → sensitivere Erkennung)
[2026-06-08 08:02 UTC] Geschätzte monatliche Ersparnis: $0.0110
[2026-06-09 13:33 UTC] === Optimizer-Zyklus (5 Änderungen) ===
[2026-06-09 13:33 UTC] EQH WEIGHT: 1.750 → 1.940 (Performance sehr gut)
[2026-06-09 13:33 UTC] CHoCH WEIGHT: 1.950 → 2.000 (Performance sehr gut)
[2026-06-09 13:33 UTC] EQL WEIGHT: 1.750 → 1.940 (Performance sehr gut)
[2026-06-09 13:33 UTC] EQH_TOLERANCE: 0.0018 → 0.0021 (EQ Win-Rate 85.0% sehr gut → lockerer, mehr Signale)
[2026-06-09 13:33 UTC] CHOCH_WINDOW: 8 → 6 (CHoCH Win-Rate 66.7% sehr gut → sensitivere Erkennung)
[2026-06-09 13:33 UTC] Geschätzte monatliche Ersparnis: $0.0122
[2026-06-09 15:15 UTC] === Optimizer-Zyklus (3 Änderungen) ===
[2026-06-09 15:15 UTC] EQH WEIGHT: 1.940 → 2.000 (Performance sehr gut)
[2026-06-09 15:15 UTC] EQL WEIGHT: 1.940 → 2.000 (Performance sehr gut)
[2026-06-09 15:15 UTC] EQH_TOLERANCE: 0.0021 → 0.0024 (EQ Win-Rate 85.0% sehr gut → lockerer, mehr Signale)
[2026-06-09 15:15 UTC] Geschätzte monatliche Ersparnis: $0.0074
[2026-06-12 13:49 UTC] === Optimizer-Zyklus (1 Änderungen) ===
[2026-06-12 13:49 UTC] EQH_TOLERANCE: 0.0024 → 0.0027 (EQ Win-Rate 85.1% sehr gut → lockerer, mehr Signale)
[2026-06-12 13:49 UTC] Geschätzte monatliche Ersparnis: $0.0026
[2026-06-12 22:24 UTC] ⚠️  Feststeckende Parameter (12): HAIKU_STRICTNESS=0.5 (am Minimum 0.5); BOS_MIN_CONFIDENCE=0 (am Minimum 0.0); CHoCH_MIN_CONFIDENCE=0 (am Minimum 0.0); EQH_MIN_CONFIDENCE=0 (am Minimum 0.0); EQL_MIN_CONFIDENCE=0 (am Minimum 0.0); Zone_MIN_CONFIDENCE=2 (am Maximum 2.0); CHoCH_WEIGHT=2.0 (am Maximum 2.0); EQH_WEIGHT=2.0 (am Maximum 2.0); EQL_WEIGHT=2.0 (am Maximum 2.0); Zone_WEIGHT=0.1 (am Minimum 0.1); MAX_CHANGE_PER_CYCLE=0.2 (am Maximum 0.2); CHOCH_WINDOW=6 (am Minimum 6.0)
[2026-06-12 22:24 UTC] === Optimizer-Zyklus (1 Änderungen) ===
[2026-06-12 22:24 UTC] EQH_TOLERANCE: 0.0027 → 0.0030 (EQ Win-Rate 85.3% sehr gut → lockerer, mehr Signale)
[2026-06-12 22:24 UTC] Geschätzte monatliche Ersparnis: $0.0026
[2026-06-18 13:36 UTC] ⚠️  Feststeckende Parameter (7): BOS_MIN_CONFIDENCE=0 (am Minimum 0.0); CHoCH_MIN_CONFIDENCE=0 (am Minimum 0.0); EQH_MIN_CONFIDENCE=0 (am Minimum 0.0); EQL_MIN_CONFIDENCE=0 (am Minimum 0.0); Zone_MIN_CONFIDENCE=2 (am Maximum 2.0); Zone_WEIGHT=0.1 (am Minimum 0.1); CHOCH_WINDOW=4 (am Minimum 4.0)
[2026-06-18 13:36 UTC] === Optimizer-Zyklus (5 Änderungen) ===
[2026-06-18 13:36 UTC] EQH WEIGHT: 2.000 → 2.290 (Performance sehr gut)
[2026-06-18 13:36 UTC] CHoCH WEIGHT: 2.000 → 2.290 (Performance sehr gut)
[2026-06-18 13:36 UTC] EQL WEIGHT: 2.000 → 2.290 (Performance sehr gut)
[2026-06-18 13:36 UTC] EQH_TOLERANCE: 0.0030 → 0.0033 (EQ Win-Rate 71.9% sehr gut → lockerer, mehr Signale)
[2026-06-18 13:36 UTC] CHOCH_WINDOW: 6 → 4 (CHoCH Win-Rate 66.0% sehr gut → sensitivere Erkennung)
[2026-06-18 13:36 UTC] Geschätzte monatliche Ersparnis: $0.0139
[2026-06-18 13:36 UTC] ⚠️  Feststeckende Parameter (7): BOS_MIN_CONFIDENCE=0 (am Minimum 0.0); CHoCH_MIN_CONFIDENCE=0 (am Minimum 0.0); EQH_MIN_CONFIDENCE=0 (am Minimum 0.0); EQL_MIN_CONFIDENCE=0 (am Minimum 0.0); Zone_MIN_CONFIDENCE=2 (am Maximum 2.0); Zone_WEIGHT=0.1 (am Minimum 0.1); CHOCH_WINDOW=4 (am Minimum 4.0)
[2026-06-18 13:36 UTC] === Optimizer-Zyklus (4 Änderungen) ===
[2026-06-18 13:36 UTC] EQH WEIGHT: 2.290 → 2.580 (Performance sehr gut)
[2026-06-18 13:36 UTC] CHoCH WEIGHT: 2.290 → 2.580 (Performance sehr gut)
[2026-06-18 13:36 UTC] EQL WEIGHT: 2.290 → 2.580 (Performance sehr gut)
[2026-06-18 13:36 UTC] EQH_TOLERANCE: 0.0033 → 0.0036 (EQ Win-Rate 71.9% sehr gut → lockerer, mehr Signale)
[2026-06-18 13:36 UTC] Geschätzte monatliche Ersparnis: $0.0112
[2026-06-18 13:36 UTC] ⚠️  Feststeckende Parameter (10): BOS_MIN_CONFIDENCE=0 (am Minimum 0.0); CHoCH_MIN_CONFIDENCE=0 (am Minimum 0.0); EQH_MIN_CONFIDENCE=0 (am Minimum 0.0); EQL_MIN_CONFIDENCE=0 (am Minimum 0.0); Zone_MIN_CONFIDENCE=2 (am Maximum 2.0); CHoCH_WEIGHT=2.87 (am Maximum 3.0); EQH_WEIGHT=2.87 (am Maximum 3.0); EQL_WEIGHT=2.87 (am Maximum 3.0); Zone_WEIGHT=0.1 (am Minimum 0.1); CHOCH_WINDOW=4 (am Minimum 4.0)
[2026-06-18 13:36 UTC] === Optimizer-Zyklus (4 Änderungen) ===
[2026-06-18 13:36 UTC] EQH WEIGHT: 2.580 → 2.870 (Performance sehr gut)
[2026-06-18 13:36 UTC] CHoCH WEIGHT: 2.580 → 2.870 (Performance sehr gut)
[2026-06-18 13:36 UTC] EQL WEIGHT: 2.580 → 2.870 (Performance sehr gut)
[2026-06-18 13:36 UTC] EQH_TOLERANCE: 0.0036 → 0.0039 (EQ Win-Rate 71.9% sehr gut → lockerer, mehr Signale)
[2026-06-18 13:36 UTC] Geschätzte monatliche Ersparnis: $0.0112
[2026-06-18 13:36 UTC] ⚠️  Feststeckende Parameter (10): BOS_MIN_CONFIDENCE=0 (am Minimum 0.0); CHoCH_MIN_CONFIDENCE=0 (am Minimum 0.0); EQH_MIN_CONFIDENCE=0 (am Minimum 0.0); EQL_MIN_CONFIDENCE=0 (am Minimum 0.0); Zone_MIN_CONFIDENCE=2 (am Maximum 2.0); CHoCH_WEIGHT=3.0 (am Maximum 3.0); EQH_WEIGHT=3.0 (am Maximum 3.0); EQL_WEIGHT=3.0 (am Maximum 3.0); Zone_WEIGHT=0.1 (am Minimum 0.1); CHOCH_WINDOW=4 (am Minimum 4.0)
[2026-06-18 13:36 UTC] === Optimizer-Zyklus (4 Änderungen) ===
[2026-06-18 13:36 UTC] EQH WEIGHT: 2.870 → 3.000 (Performance sehr gut)
[2026-06-18 13:36 UTC] CHoCH WEIGHT: 2.870 → 3.000 (Performance sehr gut)
[2026-06-18 13:36 UTC] EQL WEIGHT: 2.870 → 3.000 (Performance sehr gut)
[2026-06-18 13:36 UTC] EQH_TOLERANCE: 0.0039 → 0.0042 (EQ Win-Rate 71.9% sehr gut → lockerer, mehr Signale)
[2026-06-18 13:36 UTC] Geschätzte monatliche Ersparnis: $0.0112
[2026-06-19 09:34 UTC] ⚠️  Feststeckende Parameter (10): BOS_MIN_CONFIDENCE=0 (am Minimum 0.0); CHoCH_MIN_CONFIDENCE=0 (am Minimum 0.0); EQH_MIN_CONFIDENCE=0 (am Minimum 0.0); EQL_MIN_CONFIDENCE=0 (am Minimum 0.0); Zone_MIN_CONFIDENCE=2 (am Maximum 2.0); CHoCH_WEIGHT=3.0 (am Maximum 3.0); EQH_WEIGHT=3.0 (am Maximum 3.0); EQL_WEIGHT=3.0 (am Maximum 3.0); Zone_WEIGHT=0.1 (am Minimum 0.1); CHOCH_WINDOW=4 (am Minimum 4.0)
[2026-06-19 09:34 UTC] === Optimizer-Zyklus (1 Änderungen) ===
[2026-06-19 09:34 UTC] EQH_TOLERANCE: 0.0042 → 0.0045 (EQ Win-Rate 67.5% sehr gut → lockerer, mehr Signale)
[2026-06-19 09:34 UTC] Geschätzte monatliche Ersparnis: $0.0031
[2026-06-19 15:34 UTC] === MANUELLER Reset: Runaway-Lockerung rueckgaengig (Selektivitaet) ===
[2026-06-19 15:34 UTC] CHoCH_WEIGHT: 3.0 -> 1.0
[2026-06-19 15:34 UTC] EQH_WEIGHT: 3.0 -> 0.8
[2026-06-19 15:34 UTC] EQL_WEIGHT: 3.0 -> 0.8
[2026-06-19 15:34 UTC] BOS_WEIGHT: 1.57 -> 1.0
[2026-06-19 15:34 UTC] BOS_MIN_CONFIDENCE: 0 -> 1
[2026-06-19 15:34 UTC] CHoCH_MIN_CONFIDENCE: 0 -> 1
[2026-06-19 15:34 UTC] EQH_TOLERANCE: 0.0045 -> 0.0015
[2026-06-19 15:34 UTC] CHOCH_WINDOW: 4 -> 10
[2026-06-19 15:34 UTC] HAIKU_STRICTNESS: 0.5 -> 1.0
[2026-06-19 15:34 UTC] ⏸️  WR fällt (73.3% → 66.4%) → Lockerungen eingefroren (nur Verschärfung erlaubt).
[2026-06-19 15:34 UTC] ⚠️  Feststeckende Parameter (4): EQH_MIN_CONFIDENCE=0 (am Minimum 0.0); EQL_MIN_CONFIDENCE=0 (am Minimum 0.0); Zone_MIN_CONFIDENCE=2 (am Maximum 2.0); Zone_WEIGHT=0.1 (am Minimum 0.1)
[2026-06-19 15:34 UTC] Keine Threshold-Anpassungen notwendig (alle Parameter im grünen Bereich).
[2026-06-20 10:32 UTC] ⏸️  WR fällt (73.3% → 66.4%) → Lockerungen eingefroren (nur Verschärfung erlaubt).
[2026-06-20 10:32 UTC] ⚠️  Feststeckende Parameter (4): EQH_MIN_CONFIDENCE=0 (am Minimum 0.0); EQL_MIN_CONFIDENCE=0 (am Minimum 0.0); Zone_MIN_CONFIDENCE=2 (am Maximum 2.0); Zone_WEIGHT=0.1 (am Minimum 0.1)
[2026-06-20 10:32 UTC] Keine Threshold-Anpassungen notwendig (alle Parameter im grünen Bereich).
[2026-06-20 10:32 UTC] ⏸️  WR fällt (72.7% → 63.6%) → Lockerungen eingefroren (nur Verschärfung erlaubt).
[2026-06-20 10:32 UTC] ⚠️  Feststeckende Parameter (4): EQH_MIN_CONFIDENCE=0 (am Minimum 0.0); EQL_MIN_CONFIDENCE=0 (am Minimum 0.0); Zone_MIN_CONFIDENCE=2 (am Maximum 2.0); Zone_WEIGHT=0.1 (am Minimum 0.1)
[2026-06-20 10:32 UTC] Keine Threshold-Anpassungen notwendig (alle Parameter im grünen Bereich).
